Fri Feb 13 16:04:07 2026: ! АВАРИЯ: Критическое значение датчика температуры TE1!
Fri Feb 13 16:04:07 2026: ! АВАРИЯ: Критическое давление!
Fri Feb 13 16:04:07 2026: Уровень вибрации в норме
Fri Feb 13 16:04:07 2026: Наработка в норме
Fri Feb 13 16:04:07 2026: ! АВАРИЯ: Фильтр загрязнён!
Fri Feb 13 16:05:05 2026: ! АВАРИЯ: Критическое значение датчика температуры TE1!
Fri Feb 13 16:05:05 2026: ! АВАРИЯ: Критическое давление!
Fri Feb 13 16:05:05 2026: Уровень вибрации в норме
Fri Feb 13 16:05:05 2026: Наработка в норме
Fri Feb 13 16:05:05 2026: ! АВАРИЯ: Фильтр загрязнён!
Fri Feb 13 16:07:10 2026: ! АВАРИЯ: Критическое значение датчика температуры TE1!
Fri Feb 13 16:07:10 2026: ! АВАРИЯ: Критическое значение датчика температуры TE2!
Fri Feb 13 16:07:10 2026: ! АВАРИЯ: Критическое давление!
Fri Feb 13 16:07:10 2026: Уровень вибрации в норме
Fri Feb 13 16:07:10 2026: Наработка в норме
Fri Feb 13 16:07:10 2026: ! АВАРИЯ: Фильтр загрязнён!
Fri Feb 13 16:08:07 2026: ! АВАРИЯ: Критическое значение датчика температуры TE1!
Fri Feb 13 16:08:07 2026: ! АВАРИЯ: Критическое давление!
Fri Feb 13 16:08:07 2026: Уровень вибрации в норме
Fri Feb 13 16:08:07 2026: Наработка в норме
Fri Feb 13 16:08:28 2026: ! АВАРИЯ: Критическое значение датчика температуры TE1!
Fri Feb 13 16:08:28 2026: ! АВАРИЯ: Критическое давление!
Fri Feb 13 16:08:28 2026: Уровень вибрации в норме
Fri Feb 13 16:08:28 2026: Наработка в норме
Fri Feb 13 18:47:17 2026: ! АВАРИЯ: Критическое давление!
Fri Feb 13 18:47:17 2026: Уровень вибрации в норме
Fri Feb 13 18:47:17 2026: Наработка в норме
Fri Feb 13 18:49:35 2026: ! АВАРИЯ: Критическое давление!
Fri Feb 13 18:49:35 2026: Уровень вибрации в норме
Fri Feb 13 18:49:35 2026: Наработка в норме
Fri Feb 13 18:51:37 2026: ! АВАРИЯ: Критическое давление!
Fri Feb 13 18:51:49 2026: Уровень вибрации в норме
Fri Feb 13 18:52:01 2026: Наработка в норме
Fri Feb 13 18:53:31 2026: ! АВАРИЯ: Критическое давление!
Fri Feb 13 18:53:37 2026: Уровень вибрации в норме
Fri Feb 13 18:53:45 2026: Наработка в норме
Fri Feb 13 19:05:39 2026: ! АВАРИЯ: Критическое значение датчика температуры TE1!
Fri Feb 13 19:05:39 2026: ! АВАРИЯ: Критическое значение датчика температуры TE2!
Fri Feb 13 19:05:39 2026: Температура с датчика ТЕ3 в норме
Fri Feb 13 19:05:39 2026: ! АВАРИЯ: Критическое давление!
Fri Feb 13 19:05:39 2026: ! ПРЕДУПРЕЖДЕНИЕ: Повышенный уровень вибрации!
Fri Feb 13 19:05:39 2026: ! АВАРИЯ: Необходимо ТО!
Fri Feb 13 19:05:39 2026: ! АВАРИЯ: Фильтр загрязнён!
Fri Feb 13 19:09:52 2026: ! АВАРИЯ: Критическое значение датчика температуры TE1!
Fri Feb 13 19:09:52 2026: ! АВАРИЯ: Критическое значение датчика температуры TE2!
Fri Feb 13 19:09:52 2026: ! АВАРИЯ: Критическое значение датчика температуры TE3!
Fri Feb 13 19:09:52 2026: ! АВАРИЯ: Критическое значение датчика температуры TE4!
Fri Feb 13 19:09:52 2026: Температура с датчика ТЕ5 в норме
Fri Feb 13 19:09:52 2026: Давление в норме
Fri Feb 13 19:09:52 2026: Уровень вибрации в норме
Fri Feb 13 19:09:52 2026: Наработка в норме
Fri Feb 13 19:13:01 2026: ! АВАРИЯ: Критическое значение датчика температуры TE1!
Fri Feb 13 19:13:01 2026: ! АВАРИЯ: Критическое значение датчика температуры TE2!
Fri Feb 13 19:13:01 2026: ! АВАРИЯ: Критическое значение датчика температуры TE3!
Fri Feb 13 19:13:01 2026: Температура с датчика ТЕ4 в норме
Fri Feb 13 19:13:01 2026: Температура с датчика ТЕ5 в норме
Fri Feb 13 19:13:01 2026: ! АВАРИЯ: Критическое давление!
Fri Feb 13 19:13:01 2026: Уровень вибрации в норме
Fri Feb 13 19:13:01 2026: Наработка в норме
Fri Feb 13 19:20:14 2026: Температура с датчика ТЕ1 в норме
Fri Feb 13 19:20:14 2026: Температура с датчика ТЕ2 в норме
Fri Feb 13 19:20:14 2026: Температура с датчика ТЕ3 в норме
Fri Feb 13 19:20:14 2026: ! АВАРИЯ: Критическое значение датчика температуры TE4!
Fri Feb 13 19:20:14 2026: ! АВАРИЯ: Критическое значение датчика температуры TE5!
Fri Feb 13 19:20:14 2026: ! АВАРИЯ: Критическое давление!
Fri Feb 13 19:20:14 2026: ! АВАРИЯ: Высокий уровень вибрации!
Fri Feb 13 19:20:14 2026: Наработка в норме
