Thu Feb 12 16:52:47 2026: Температура с датчика ТЕ1 в норме
Thu Feb 12 16:52:47 2026: Температура с датчика ТЕ2 в норме
Thu Feb 12 16:52:47 2026: Температура с датчика ТЕ3 в норме
Thu Feb 12 16:52:47 2026: !АВАРИЯ: Критическое значение датчика температуры TE4!
Thu Feb 12 16:52:47 2026: !АВАРИЯ: Критическое значение датчика температуры TE5!
Thu Feb 12 16:52:47 2026: !АВАРИЯ: Критическое значение датчика температуры TE6!
Thu Feb 12 16:52:47 2026: ! ПРЕДУПРЕЖДЕНИЕ: Недопустимое значение датчика температуры TE7!
Thu Feb 12 16:52:47 2026: !АВАРИЯ: Критическое значение датчика температуры TE8!
Thu Feb 12 16:52:47 2026: !АВАРИЯ: Критическое значение датчика температуры TE9!
Thu Feb 12 16:52:47 2026: !АВАРИЯ: Критическое значение датчика температуры TE10!
Thu Feb 12 16:52:47 2026: !АВАРИЯ: Критическое значение датчика температуры TE11!
Thu Feb 12 16:52:47 2026: !АВАРИЯ: Критическое значение датчика температуры TE12!
Thu Feb 12 16:52:47 2026: !АВАРИЯ: Критическое значение датчика температуры TE13!
Thu Feb 12 16:52:47 2026: !АВАРИЯ: Критическое значение датчика температуры TE14!
Thu Feb 12 16:52:47 2026: !АВАРИЯ: Критическое значение датчика температуры TE15!
Thu Feb 12 16:52:47 2026: Давление в норме
Thu Feb 12 16:52:47 2026: ! ПРЕДУПРЕЖДЕНИЕ: Повышенный уровень вибрации!
Thu Feb 12 16:52:47 2026: Наработка в норме
Thu Feb 12 16:52:47 2026: ! АВАРИЯ: Фильтр загрязнён!
Thu Feb 12 17:02:39 2026: !АВАРИЯ: Критическое значение датчика температуры TE1!
Thu Feb 12 17:02:39 2026: !АВАРИЯ: Критическое значение датчика температуры TE2!
Thu Feb 12 17:02:39 2026: !АВАРИЯ: Критическое значение датчика температуры TE3!
Thu Feb 12 17:02:39 2026: ! АВАРИЯ: Критическое давление!
Thu Feb 12 17:02:39 2026: Уровень вибрации в норме
Thu Feb 12 17:02:39 2026: Наработка в норме
Thu Feb 12 17:02:39 2026: ! АВАРИЯ: Фильтр загрязнён!
Thu Feb 12 17:10:25 2026: !АВАРИЯ: Критическое значение датчика температуры TE1!
Thu Feb 12 17:10:25 2026: !АВАРИЯ: Критическое значение датчика температуры TE2!
Thu Feb 12 17:10:25 2026: !АВАРИЯ: Критическое значение датчика температуры TE3!
Thu Feb 12 17:10:25 2026: !АВАРИЯ: Критическое значение датчика температуры TE4!
Thu Feb 12 17:10:25 2026: !АВАРИЯ: Критическое значение датчика температуры TE5!
Thu Feb 12 17:10:25 2026: ! АВАРИЯ: Критическое давление!
Thu Feb 12 17:10:25 2026: Уровень вибрации в норме
Thu Feb 12 17:10:25 2026: Наработка в норме
Thu Feb 12 17:10:25 2026: ! АВАРИЯ: Фильтр загрязнён!
Thu Feb 12 17:12:36 2026: Температура с датчика ТЕ1 в норме
Thu Feb 12 17:12:36 2026: Температура с датчика ТЕ2 в норме
Thu Feb 12 17:12:36 2026: Температура с датчика ТЕ3 в норме
Thu Feb 12 17:12:36 2026: !АВАРИЯ: Критическое значение датчика температуры TE4!
Thu Feb 12 17:12:36 2026: !АВАРИЯ: Критическое значение датчика температуры TE5!
Thu Feb 12 17:12:36 2026: ! ПРЕДУПРЕЖДЕНИЕ: Недопустимое значение датчика температуры TE6!
Thu Feb 12 17:12:36 2026: ! АВАРИЯ: Критическое давление!
Thu Feb 12 17:12:36 2026: ! АВАРИЯ: Высокий уровень вибрации!
Thu Feb 12 17:12:36 2026: ! АВАРИЯ: Необходимо ТО!
Thu Feb 12 17:12:36 2026: ! АВАРИЯ: Фильтр загрязнён!
Thu Feb 12 17:14:05 2026: Температура с датчика ТЕ1 в норме
Thu Feb 12 17:14:05 2026: Температура с датчика ТЕ2 в норме
Thu Feb 12 17:14:05 2026: !АВАРИЯ: Критическое значение датчика температуры TE3!
Thu Feb 12 17:14:05 2026: !АВАРИЯ: Критическое значение датчика температуры TE4!
Thu Feb 12 17:14:05 2026: !АВАРИЯ: Критическое значение датчика температуры TE5!
Thu Feb 12 17:14:05 2026: ! АВАРИЯ: Критическое давление!
Thu Feb 12 17:14:05 2026: Уровень вибрации в норме
Thu Feb 12 17:14:05 2026: Наработка в норме
